ConnectToWiFi/app/build/intermediates/manifest_merge_blame_file/debug/manifest-merger-blame-debug-report.txt
1<?xml version="1.0" encoding="utf-8"?>
2<manifest xmlns:android="http://schemas.android.com/apk/res/android"
3    package="com.boss.template"
4    android:versionCode="1"
5    android:versionName="1.0" >
6
7    <uses-sdk
8        android:minSdkVersion="22"
8-->src/main/AndroidManifest.xml
9        android:targetSdkVersion="29" />
9-->src/main/AndroidManifest.xml
10
11    <uses-permission android:name="android.permission.INTERNET" />
11-->src/main/AndroidManifest.xml:8:5-67
11-->src/main/AndroidManifest.xml:8:22-64
12    <uses-permission android:name="android.permission.ACCESS_WIFI_STATE" />
12-->src/main/AndroidManifest.xml:9:5-76
12-->src/main/AndroidManifest.xml:9:22-73
13    <uses-permission android:name="android.permission.ACCESS_NETWORK_STATE" />
13-->src/main/AndroidManifest.xml:10:5-79
13-->src/main/AndroidManifest.xml:10:22-76
14    <uses-permission android:name="android.permission.ACCESS_WIFI_STATE" />
14-->src/main/AndroidManifest.xml:9:5-76
14-->src/main/AndroidManifest.xml:9:22-73
15    <uses-permission android:name="android.permission.CHANGE_WIFI_STATE" />
15-->src/main/AndroidManifest.xml:12:2-73
15-->src/main/AndroidManifest.xml:12:19-70
16
17    <uses-feature android:name="android.hardware.wifi" />
17-->src/main/AndroidManifest.xml:13:5-58
17-->src/main/AndroidManifest.xml:13:19-55
18
19    <application
19-->src/main/AndroidManifest.xml:15:5-29:19
20        android:allowBackup="true"
20-->src/main/AndroidManifest.xml:16:9-35
21        android:appComponentFactory="android.support.v4.app.CoreComponentFactory"
21-->[com.android.support:support-compat:28.0.0] AndroidManifest.xml:22:18-91
22        android:debuggable="true"
23        android:icon="@drawable/ic_launcher"
23-->src/main/AndroidManifest.xml:17:9-45
24        android:label="@string/app_name"
24-->src/main/AndroidManifest.xml:18:9-41
25        android:theme="@style/AppTheme" >
25-->src/main/AndroidManifest.xml:19:9-40
26        <activity
26-->src/main/AndroidManifest.xml:20:9-28:20
27            android:name="com.connecttowifi.MainActivity"
27-->src/main/AndroidManifest.xml:21:13-58
28            android:label="@string/app_name" >
28-->src/main/AndroidManifest.xml:22:13-45
29            <intent-filter>
29-->src/main/AndroidManifest.xml:23:13-27:29
30                <action android:name="android.intent.action.MAIN" />
30-->src/main/AndroidManifest.xml:24:17-69
30-->src/main/AndroidManifest.xml:24:25-66
31
32                <category android:name="android.intent.category.LAUNCHER" />
32-->src/main/AndroidManifest.xml:26:17-77
32-->src/main/AndroidManifest.xml:26:27-74
33            </intent-filter>
34        </activity>
35    </application>
36
37</manifest>